#
# A fatal error has been detected by the Java Runtime Environment:
#
#  EXCEPTION_ACCESS_VIOLATION (0xc0000005) at pc=0x00007ffe2a71269f, pid=7404, tid=2040
#
# JRE version: Java(TM) SE Runtime Environment (17.0.6+9) (build 17.0.6+9-LTS-190)
# Java VM: Java HotSpot(TM) 64-Bit Server VM (17.0.6+9-LTS-190, mixed mode, emulated-client, sharing, tiered, compressed oops, compressed class ptrs, g1 gc, windows-amd64)
# Problematic frame:
# V  [jvm.dll+0x30269f]
#
# No core dump will be written. Minidumps are not enabled by default on client versions of Windows
#
# If you would like to submit a bug report, please visit:
#   https://bugreport.java.com/bugreport/crash.jsp
#

---------------  S U M M A R Y ------------

Command Line: -XX:TieredStopAtLevel=1 -Dspring.output.ansi.enabled=always -Dcom.sun.management.jmxremote -Dspring.jmx.enabled=true -Dspring.liveBeansView.mbeanDomain -Dspring.application.admin.enabled=true -Dmanagement.endpoints.jmx.exposure.include=* -javaagent:C:\Program Files\JetBrains\IntelliJ IDEA 2022.3.2\lib\idea_rt.jar=60606:C:\Program Files\JetBrains\IntelliJ IDEA 2022.3.2\bin -Dfile.encoding=UTF-8 com.divalirio.DivalirioApiApplication

Host: 11th Gen Intel(R) Core(TM) i7-1165G7 @ 2.80GHz, 8 cores, 31G,  Windows 11 , 64 bit Build 22621 (10.0.22621.2070)
Time: Sun Aug 20 20:21:43 2023 Hora oficial do Brasil elapsed time: 1874.327635 seconds (0d 0h 31m 14s)

---------------  T H R E A D  ---------------

Current thread (0x000001e4040cc620):  GCTaskThread "GC Thread#5" [stack: 0x00000034ec200000,0x00000034ec300000] [id=2040]

Stack: [0x00000034ec200000,0x00000034ec300000],  sp=0x00000034ec2ffa90,  free space=1022k
Native frames: (J=compiled Java code, j=interpreted, Vv=VM code, C=native code)
V  [jvm.dll+0x30269f]
V  [jvm.dll+0x2d6690]
V  [jvm.dll+0x2d6c5a]
V  [jvm.dll+0x2d6d57]
V  [jvm.dll+0x2dc1db]
V  [jvm.dll+0x7ff32b]
V  [jvm.dll+0x7ff376]
V  [jvm.dll+0x781a7a]
V  [jvm.dll+0x672375]
C  [ucrtbase.dll+0x29363]
C  [KERNEL32.DLL+0x126ad]
C  [ntdll.dll+0x5aa68]


siginfo: EXCEPTION_ACCESS_VIOLATION (0xc0000005), reading address 0x00000004b5653d88


Register to memory mapping:

RIP=0x00007ffe2a71269f jvm.dll
RAX=0x0 is NULL
RBX=0x000001e4040e1b60 points into unknown readable memory: 0x00007ffe2ad06c58 | 58 6c d0 2a fe 7f 00 00
RCX=0x0000000000000016 is an unknown value
RDX=0x0 is NULL
RSP=0x00000034ec2ffa90 points into unknown readable memory: 0x000001e47fe7bb10 | 10 bb e7 7f e4 01 00 00
RBP=0x000001e46250cb30 points into unknown readable memory: 0x00007ffe2ad004d8 | d8 04 d0 2a fe 7f 00 00
RSI=0x000000060c2ca9bc is pointing into object: [Ljava.lang.Object; 
{0x000000060c2ca920} - klass: 'java/lang/Object'[]
 - length: 134217738
RDI=0x00000034ec2ffb90 points into unknown readable memory: 0x00007ffe2ad004a0 | a0 04 d0 2a fe 7f 00 00
R8 =0x0 is NULL
R9 =0x00000bcb00000705 is an unknown value
R10=0x00000004b5653d88 is an unknown value
R11=0x000001e46250cb30 points into unknown readable memory: 0x00007ffe2ad004d8 | d8 04 d0 2a fe 7f 00 00
R12=0x000001e47fe7bee8 points into unknown readable memory: 0x880004007114818d | 8d 81 14 71 00 04 00 88
R13=0x000001e4040e1b60 points into unknown readable memory: 0x00007ffe2ad06c58 | 58 6c d0 2a fe 7f 00 00
R14=0x000001e402b6e110 points into unknown readable memory: 0x000001e400000008 | 08 00 00 00 e4 01 00 00
R15=0x000001e47fe7bb10 points into unknown readable memory: 0x000001e40889a304 | 04 a3 89 08 e4 01 00 00


Registers:
RAX=0x0000000000000000, RBX=0x000001e4040e1b60, RCX=0x0000000000000016, RDX=0x0000000000000000
RSP=0x00000034ec2ffa90, RBP=0x000001e46250cb30, RSI=0x000000060c2ca9bc, RDI=0x00000034ec2ffb90
R8 =0x0000000000000000, R9 =0x00000bcb00000705, R10=0x00000004b5653d88, R11=0x000001e46250cb30
R12=0x000001e47fe7bee8, R13=0x000001e4040e1b60, R14=0x000001e402b6e110, R15=0x000001e47fe7bb10
RIP=0x00007ffe2a71269f, EFLAGS=0x0000000000010246

Top of Stack: (sp=0x00000034ec2ffa90)
0x00000034ec2ffa90:   000001e47fe7bb10 000001e4040e1b60
0x00000034ec2ffaa0:   000001e46250cb30 0000000000000000
0x00000034ec2ffab0:   00000034ec2ffb20 00007ffe2a6e6690
0x00000034ec2ffac0:   000000060c2ca9bd 0000000000000000
0x00000034ec2ffad0:   00000034ec2ffb90 0000000000000000
0x00000034ec2ffae0:   00000034eb2fea00 00007ffe2aa7cb8f
0x00000034ec2ffaf0:   0000000000000000 0000000000000000
0x00000034ec2ffb00:   0000000000000000 0000000000000000
0x00000034ec2ffb10:   0000000000000000 00007ffe2ab9ff37
0x00000034ec2ffb20:   000001e47fe7bb10 000001e402b6e110
0x00000034ec2ffb30:   00000000000003d8 000001e47fe7bee8
0x00000034ec2ffb40:   0000000000000005 00007ffe2a6e6c5a
0x00000034ec2ffb50:   000001e4040e1b60 0000000000000013
0x00000034ec2ffb60:   00000034eb2fea00 0000000000000000
0x00000034ec2ffb70:   00007ffe2ad07d38 0000000500000001
0x00000034ec2ffb80:   000000045d244a7a 000004c744aac3be 

Instructions: (pc=0x00007ffe2a71269f)
0x00007ffe2a71259f:   00 48 83 3c 07 00 75 4d 45 33 c0 b9 38 02 00 00
0x00007ffe2a7125af:   41 8d 50 05 e8 88 24 da ff 48 8b c8 48 85 c0 74
0x00007ffe2a7125bf:   28 48 8b 43 28 44 8b ce 4c 8b 43 08 48 8b 13 48
0x00007ffe2a7125cf:   89 44 24 30 48 8b 43 20 48 89 44 24 28 8b 43 30
0x00007ffe2a7125df:   89 44 24 20 e8 d8 ed ff ff 48 8b 4b 10 48 89 04
0x00007ffe2a7125ef:   0f 48 8b 43 10 48 8b 04 07 48 8b 5c 24 50 48 8b
0x00007ffe2a7125ff:   74 24 58 48 83 c4 40 5f c3 cc cc cc cc cc cc cc
0x00007ffe2a71260f:   cc 48 89 5c 24 20 55 48 83 ec 20 48 8b ea 48 c7
0x00007ffe2a71261f:   44 24 30 00 00 00 00 8b 91 a8 01 00 00 4c 8d 44
0x00007ffe2a71262f:   24 30 48 8b d9 48 8b cd e8 44 2b fe ff 84 c0 0f
0x00007ffe2a71263f:   84 79 02 00 00 48 89 74 24 38 48 89 7c 24 40 66
0x00007ffe2a71264f:   90 48 8b 54 24 30 f6 c2 01 0f 84 20 01 00 00 8b
0x00007ffe2a71265f:   0d 44 5c 79 00 48 8d 72 ff 48 8b 43 08 44 8b 16
0x00007ffe2a71266f:   49 d3 e2 4c 03 15 27 5c 79 00 8b 88 90 05 00 00
0x00007ffe2a71267f:   49 8b d2 48 8b 80 80 05 00 00 48 d3 ea 0f b7 14
0x00007ffe2a71268f:   50 0f b7 c2 66 c1 e8 08 84 c0 0f 88 ef 01 00 00
0x00007ffe2a71269f:   4d 8b 02 41 0f b6 c0 24 03 3c 03 75 1e 80 3d 23
0x00007ffe2a7126af:   d6 7f 00 00 74 0f 41 0f b6 c0 24 07 3c 05 75 05
0x00007ffe2a7126bf:   45 33 c0 eb 17 49 83 e0 fc eb 11 4d 8b c8 48 8b
0x00007ffe2a7126cf:   cb 4d 8b c2 e8 78 f4 ff ff 4c 8b c0 8b 0d c7 5b
0x00007ffe2a7126df:   79 00 49 8b d0 48 2b 15 b5 5b 79 00 48 d3 ea 89
0x00007ffe2a7126ef:   16 48 8b d6 8b 0d b7 de 7f 00 49 33 d0 48 d3 ea
0x00007ffe2a7126ff:   48 85 d2 0f 84 86 01 00 00 48 8b 43 08 48 8b d6
0x00007ffe2a71270f:   8b 88 c0 01 00 00 48 8b 80 b0 01 00 00 48 d3 ea
0x00007ffe2a71271f:   48 8b 0c d0 8b 81 94 00 00 00 d1 e8 a8 01 0f 85
0x00007ffe2a71272f:   5b 01 00 00 48 8b 43 08 8b 88 90 05 00 00 48 8b
0x00007ffe2a71273f:   80 80 05 00 00 49 d3 e8 42 80 3c 40 00 0f 84 3c
0x00007ffe2a71274f:   01 00 00 48 8b 43 60 48 c1 ee 09 48 8b 78 40 48
0x00007ffe2a71275f:   8b 48 38 48 03 fe 48 2b f9 48 39 bb b0 01 00 00
0x00007ffe2a71276f:   0f 84 19 01 00 00 48 8d 14 39 e9 f2 00 00 00 f6
0x00007ffe2a71277f:   c2 03 0f 85 fb 00 00 00 4c 8b 02 48 8b 43 08 49
0x00007ffe2a71278f:   8b d0 8b 88 90 05 00 00 48 8b 80 80 05 00 00 48 


Stack slot to memory mapping:
stack at sp + 0 slots: 0x000001e47fe7bb10 points into unknown readable memory: 0x000001e40889a304 | 04 a3 89 08 e4 01 00 00
stack at sp + 1 slots: 0x000001e4040e1b60 points into unknown readable memory: 0x00007ffe2ad06c58 | 58 6c d0 2a fe 7f 00 00
stack at sp + 2 slots: 0x000001e46250cb30 points into unknown readable memory: 0x00007ffe2ad004d8 | d8 04 d0 2a fe 7f 00 00
stack at sp + 3 slots: 0x0 is NULL
stack at sp + 4 slots: 0x00000034ec2ffb20 points into unknown readable memory: 0x000001e47fe7bb10 | 10 bb e7 7f e4 01 00 00
stack at sp + 5 slots: 0x00007ffe2a6e6690 jvm.dll
stack at sp + 6 slots: 0x000000060c2ca9bd is pointing into object: [Ljava.lang.Object; 
{0x000000060c2ca920} - klass: 'java/lang/Object'[]
 - length: 134217738
stack at sp + 7 slots: 0x0 is NULL


---------------  P R O C E S S  ---------------

Threads class SMR info:
_java_thread_list=0x000001e4088a02b0, length=32, elements={
0x000001e47fe312d0, 0x000001e47fe36440, 0x000001e47fe45c50, 0x000001e47fe46600,
0x000001e47fe46fb0, 0x000001e47fe48100, 0x000001e47fe48b60, 0x000001e47fe7aa00,
0x000001e4027f0250, 0x000001e4040d54b0, 0x000001e4042dcf90, 0x000001e4043c8d90,
0x000001e407ffc540, 0x000001e407ffd880, 0x000001e407ffdd50, 0x000001e407ffd3b0,
0x000001e407fff090, 0x000001e407fff560, 0x000001e407ffc070, 0x000001e407ffe220,
0x000001e407ffebc0, 0x000001e407ffe6f0, 0x000001e407fffa30, 0x000001e40a9ab8e0,
0x000001e40a9a70b0, 0x000001e40a9a83f0, 0x000001e40a9a9c00, 0x000001e40a9a7a50,
0x000001e40a9aa5a0, 0x000001e40a9a4560, 0x000001e40a9a4090, 0x000001e40a9aaf40
}

Java Threads: ( => current thread )
  0x000001e47fe312d0 JavaThread "Reference Handler" daemon [_thread_blocked, id=6780, stack(0x00000034eb300000,0x00000034eb400000)]
  0x000001e47fe36440 JavaThread "Finalizer" daemon [_thread_blocked, id=7736, stack(0x00000034eb400000,0x00000034eb500000)]
  0x000001e47fe45c50 JavaThread "Signal Dispatcher" daemon [_thread_blocked, id=2388, stack(0x00000034eb500000,0x00000034eb600000)]
  0x000001e47fe46600 JavaThread "Attach Listener" daemon [_thread_blocked, id=19396, stack(0x00000034eb600000,0x00000034eb700000)]
  0x000001e47fe46fb0 JavaThread "Service Thread" daemon [_thread_blocked, id=13712, stack(0x00000034eb700000,0x00000034eb800000)]
  0x000001e47fe48100 JavaThread "Monitor Deflation Thread" daemon [_thread_blocked, id=20088, stack(0x00000034eb800000,0x00000034eb900000)]
  0x000001e47fe48b60 JavaThread "C1 CompilerThread0" daemon [_thread_blocked, id=13244, stack(0x00000034eb900000,0x00000034eba00000)]
  0x000001e47fe7aa00 JavaThread "Sweeper thread" daemon [_thread_blocked, id=12712, stack(0x00000034eba00000,0x00000034ebb00000)]
  0x000001e4027f0250 JavaThread "Common-Cleaner" daemon [_thread_blocked, id=15828, stack(0x00000034ebb00000,0x00000034ebc00000)]
  0x000001e4040d54b0 JavaThread "Monitor Ctrl-Break" daemon [_thread_in_native, id=12000, stack(0x00000034ec600000,0x00000034ec700000)]
  0x000001e4042dcf90 JavaThread "Notification Thread" daemon [_thread_blocked, id=18556, stack(0x00000034ec700000,0x00000034ec800000)]
  0x000001e4043c8d90 JavaThread "RMI TCP Accept-0" daemon [_thread_in_native, id=1740, stack(0x00000034ec800000,0x00000034ec900000)]
  0x000001e407ffc540 JavaThread "Catalina-utility-1" [_thread_blocked, id=16928, stack(0x00000034ece00000,0x00000034ecf00000)]
  0x000001e407ffd880 JavaThread "Catalina-utility-2" [_thread_blocked, id=19884, stack(0x00000034ecf00000,0x00000034ed000000)]
  0x000001e407ffdd50 JavaThread "container-0" [_thread_blocked, id=7572, stack(0x00000034ed000000,0x00000034ed100000)]
  0x000001e407ffd3b0 JavaThread "HikariPool-1 housekeeper" daemon [_thread_blocked, id=14284, stack(0x00000034ed200000,0x00000034ed300000)]
  0x000001e407fff090 JavaThread "java-sdk-http-connection-reaper" daemon [_thread_blocked, id=20164, stack(0x00000034ed400000,0x00000034ed500000)]
  0x000001e407fff560 JavaThread "File Watcher" daemon [_thread_blocked, id=19556, stack(0x00000034ed500000,0x00000034ed600000)]
  0x000001e407ffc070 JavaThread "Live Reload Server" daemon [_thread_in_native, id=9548, stack(0x00000034ed700000,0x00000034ed800000)]
  0x000001e407ffe220 JavaThread "http-nio-7777-exec-1" daemon [_thread_blocked, id=14280, stack(0x00000034ed600000,0x00000034ed700000)]
  0x000001e407ffebc0 JavaThread "http-nio-7777-exec-2" daemon [_thread_blocked, id=4488, stack(0x00000034ed800000,0x00000034ed900000)]
  0x000001e407ffe6f0 JavaThread "http-nio-7777-exec-3" daemon [_thread_blocked, id=19308, stack(0x00000034ed900000,0x00000034eda00000)]
  0x000001e407fffa30 JavaThread "http-nio-7777-exec-4" daemon [_thread_blocked, id=14624, stack(0x00000034eda00000,0x00000034edb00000)]
  0x000001e40a9ab8e0 JavaThread "http-nio-7777-exec-5" daemon [_thread_blocked, id=20220, stack(0x00000034edb00000,0x00000034edc00000)]
  0x000001e40a9a70b0 JavaThread "http-nio-7777-exec-6" daemon [_thread_blocked, id=13236, stack(0x00000034edc00000,0x00000034edd00000)]
  0x000001e40a9a83f0 JavaThread "http-nio-7777-exec-7" daemon [_thread_blocked, id=11288, stack(0x00000034edd00000,0x00000034ede00000)]
  0x000001e40a9a9c00 JavaThread "http-nio-7777-exec-8" daemon [_thread_blocked, id=19920, stack(0x00000034ede00000,0x00000034edf00000)]
  0x000001e40a9a7a50 JavaThread "http-nio-7777-exec-9" daemon [_thread_blocked, id=2808, stack(0x00000034edf00000,0x00000034ee000000)]
  0x000001e40a9aa5a0 JavaThread "http-nio-7777-exec-10" daemon [_thread_blocked, id=8684, stack(0x00000034ee000000,0x00000034ee100000)]
  0x000001e40a9a4560 JavaThread "http-nio-7777-Poller" daemon [_thread_in_native, id=3020, stack(0x00000034ee100000,0x00000034ee200000)]
  0x000001e40a9a4090 JavaThread "http-nio-7777-Acceptor" daemon [_thread_in_native, id=14128, stack(0x00000034ee200000,0x00000034ee300000)]
  0x000001e40a9aaf40 JavaThread "DestroyJavaVM" [_thread_blocked, id=13212, stack(0x00000034eac00000,0x00000034ead00000)]

Other Threads:
  0x000001e47fe2ad90 VMThread "VM Thread" [stack: 0x00000034eb200000,0x00000034eb300000] [id=19208]
  0x000001e4624fe2a0 WatcherThread [stack: 0x00000034ec900000,0x00000034eca00000] [id=6604]
  0x000001e47fcc0880 GCTaskThread "GC Thread#0" [stack: 0x00000034ead00000,0x00000034eae00000] [id=14708]
  0x000001e402b6e4c0 GCTaskThread "GC Thread#1" [stack: 0x00000034ebe00000,0x00000034ebf00000] [id=9680]
  0x000001e402b6e770 GCTaskThread "GC Thread#2" [stack: 0x00000034ebf00000,0x00000034ec000000] [id=14116]
  0x000001e4040cc0c0 GCTaskThread "GC Thread#3" [stack: 0x00000034ec000000,0x00000034ec100000] [id=5540]
  0x000001e4040cc370 GCTaskThread "GC Thread#4" [stack: 0x00000034ec100000,0x00000034ec200000] [id=12888]
=>0x000001e4040cc620 GCTaskThread "GC Thread#5" [stack: 0x00000034ec200000,0x00000034ec300000] [id=2040]
  0x000001e4040cc8d0 GCTaskThread "GC Thread#6" [stack: 0x00000034ec300000,0x00000034ec400000] [id=14548]
  0x000001e4040d0b90 GCTaskThread "GC Thread#7" [stack: 0x00000034ec400000,0x00000034ec500000] [id=2420]
  0x000001e46257d160 ConcurrentGCThread "G1 Main Marker" [stack: 0x00000034eae00000,0x00000034eaf00000] [id=17036]
  0x000001e46257e220 ConcurrentGCThread "G1 Conc#0" [stack: 0x00000034eaf00000,0x00000034eb000000] [id=4332]
  0x000001e4049f66d0 ConcurrentGCThread "G1 Conc#1" [stack: 0x00000034ecd00000,0x00000034ece00000] [id=1684]
  0x000001e47fd680b0 ConcurrentGCThread "G1 Refine#0" [stack: 0x00000034eb000000,0x00000034eb100000] [id=18564]
  0x000001e4040de000 ConcurrentGCThread "G1 Refine#1" [stack: 0x00000034ec500000,0x00000034ec600000] [id=19268]
  0x000001e47fd6a9e0 ConcurrentGCThread "G1 Service" [stack: 0x00000034eb100000,0x00000034eb200000] [id=8060]

Threads with active compile tasks:

VM state: at safepoint (normal execution)

VM Mutex/Monitor currently owned by a thread:  ([mutex/lock_event])
[0x000001e4624f9c60] Threads_lock - owner thread: 0x000001e47fe2ad90
[0x000001e4624f92d0] Heap_lock - owner thread: 0x000001e407fff560

Heap address: 0x0000000604400000, size: 8124 MB, Compressed Oops mode: Zero based, Oop shift amount: 3

CDS archive(s) mapped at: [0x0000000800000000-0x0000000800bd0000-0x0000000800bd0000), size 12386304, SharedBaseAddress: 0x0000000800000000, ArchiveRelocationMode: 0.
Compressed class space mapped at: 0x0000000800c00000-0x0000000840c00000, reserved size: 1073741824
Narrow klass base: 0x0000000800000000, Narrow klass shift: 0, Narrow klass range: 0x100000000

GC Precious Log:
 CPUs: 8 total, 8 available
 Memory: 32491M
 Large Page Support: Disabled
 NUMA Support: Disabled
 Compressed Oops: Enabled (Zero based)
 Heap Region Size: 4M
 Heap Min Capacity: 8M
 Heap Initial Capacity: 508M
 Heap Max Capacity: 8124M
 Pre-touch: Disabled
 Parallel Workers: 8
 Concurrent Workers: 2
 Concurrent Refinement Workers: 8
 Periodic GC: Disabled

Heap:
 garbage-first heap   total 319488K, used 229590K [0x0000000604400000, 0x0000000800000000)
  region size 4096K, 47 young (192512K), 3 survivors (12288K)
 Metaspace       used 72668K, committed 73344K, reserved 1114112K
  class space    used 10470K, committed 10816K, reserved 1048576K

Heap Regions: E=young(eden), S=young(survivor), O=old, HS=humongous(starts), HC=humongous(continues), CS=collection set, F=free, OA=open archive, CA=closed archive, TAMS=top-at-mark-start (previous, next)
|   0|0x0000000604400000, 0x0000000604800000, 0x0000000604800000|100%| O|  |TAMS 0x0000000604800000, 0x0000000604400000| Untracked 
|   1|0x0000000604800000, 0x0000000604c00000, 0x0000000604c00000|100%| O|  |TAMS 0x0000000604c00000, 0x0000000604800000| Untracked 
|   2|0x0000000604c00000, 0x0000000605000000, 0x0000000605000000|100%| O|  |TAMS 0x0000000605000000, 0x0000000604c00000| Untracked 
|   3|0x0000000605000000, 0x0000000605400000, 0x0000000605400000|100%| O|  |TAMS 0x0000000605400000, 0x0000000605000000| Untracked 
|   4|0x0000000605400000, 0x0000000605800000, 0x0000000605800000|100%| O|  |TAMS 0x0000000605800000, 0x0000000605400000| Untracked 
|   5|0x0000000605800000, 0x0000000605c00000, 0x0000000605c00000|100%| O|  |TAMS 0x0000000605c00000, 0x0000000605800000| Untracked 
|   6|0x0000000605c00000, 0x0000000606000000, 0x0000000606000000|100%| O|  |TAMS 0x0000000606000000, 0x0000000605c00000| Untracked 
|   7|0x0000000606000000, 0x0000000606400000, 0x0000000606400000|100%| O|  |TAMS 0x0000000606400000, 0x0000000606000000| Untracked 
|   8|0x0000000606400000, 0x0000000606800000, 0x0000000606800000|100%| O|  |TAMS 0x0000000606800000, 0x0000000606400000| Untracked 
|   9|0x0000000606800000, 0x0000000606c00000, 0x0000000606c00000|100%| O|  |TAMS 0x0000000606c00000, 0x0000000606800000| Untracked 
|  10|0x0000000606c00000, 0x0000000607000000, 0x0000000607000000|100%| O|  |TAMS 0x0000000606c35800, 0x0000000606c00000| Untracked 
|  11|0x0000000607000000, 0x000000060718ffa8, 0x0000000607400000| 39%| O|  |TAMS 0x0000000607000000, 0x0000000607000000| Untracked 
|  12|0x0000000607400000, 0x0000000607400000, 0x0000000607800000|  0%| F|  |TAMS 0x0000000607400000, 0x0000000607400000| Untracked 
|  13|0x0000000607800000, 0x0000000607800000, 0x0000000607c00000|  0%| F|  |TAMS 0x0000000607800000, 0x0000000607800000| Untracked 
|  14|0x0000000607c00000, 0x0000000607c00000, 0x0000000608000000|  0%| F|  |TAMS 0x0000000607c00000, 0x0000000607c00000| Untracked 
|  15|0x0000000608000000, 0x0000000608000000, 0x0000000608400000|  0%| F|  |TAMS 0x0000000608000000, 0x0000000608000000| Untracked 
|  16|0x0000000608400000, 0x0000000608400000, 0x0000000608800000|  0%| F|  |TAMS 0x0000000608400000, 0x0000000608400000| Untracked 
|  17|0x0000000608800000, 0x0000000608800000, 0x0000000608c00000|  0%| F|  |TAMS 0x0000000608800000, 0x0000000608800000| Untracked 
|  18|0x0000000608c00000, 0x0000000608c00000, 0x0000000609000000|  0%| F|  |TAMS 0x0000000608c00000, 0x0000000608c00000| Untracked 
|  19|0x0000000609000000, 0x0000000609000000, 0x0000000609400000|  0%| F|  |TAMS 0x0000000609000000, 0x0000000609000000| Untracked 
|  20|0x0000000609400000, 0x0000000609400000, 0x0000000609800000|  0%| F|  |TAMS 0x0000000609400000, 0x0000000609400000| Untracked 
|  21|0x0000000609800000, 0x0000000609800000, 0x0000000609c00000|  0%| F|  |TAMS 0x0000000609800000, 0x0000000609800000| Untracked 
|  22|0x0000000609c00000, 0x0000000609c00000, 0x000000060a000000|  0%| F|  |TAMS 0x0000000609c00000, 0x0000000609c00000| Untracked 
|  23|0x000000060a000000, 0x000000060a000000, 0x000000060a400000|  0%| F|  |TAMS 0x000000060a000000, 0x000000060a000000| Untracked 
|  24|0x000000060a400000, 0x000000060a400000, 0x000000060a800000|  0%| F|  |TAMS 0x000000060a400000, 0x000000060a400000| Untracked 
|  25|0x000000060a800000, 0x000000060a800000, 0x000000060ac00000|  0%| F|  |TAMS 0x000000060a800000, 0x000000060a800000| Untracked 
|  26|0x000000060ac00000, 0x000000060ac00000, 0x000000060b000000|  0%| F|  |TAMS 0x000000060ac00000, 0x000000060ac00000| Untracked 
|  27|0x000000060b000000, 0x000000060b000000, 0x000000060b400000|  0%| F|  |TAMS 0x000000060b000000, 0x000000060b000000| Untracked 
|  28|0x000000060b400000, 0x000000060b400000, 0x000000060b800000|  0%| F|  |TAMS 0x000000060b400000, 0x000000060b400000| Untracked 
|  29|0x000000060b800000, 0x000000060bc00000, 0x000000060bc00000|100%| S|  |TAMS 0x000000060b800000, 0x000000060b800000| Complete 
|  30|0x000000060bc00000, 0x000000060c000000, 0x000000060c000000|100%| E|CS|TAMS 0x000000060bc00000, 0x000000060bc00000| Complete 
|  31|0x000000060c000000, 0x000000060c400000, 0x000000060c400000|100%| E|CS|TAMS 0x000000060c000000, 0x000000060c000000| Complete 
|  32|0x000000060c400000, 0x000000060c800000, 0x000000060c800000|100%| S|  |TAMS 0x000000060c400000, 0x000000060c400000| Complete 
|  33|0x000000060c800000, 0x000000060cc00000, 0x000000060cc00000|100%| S|  |TAMS 0x000000060c800000, 0x000000060c800000| Complete 
|  34|0x000000060cc00000, 0x000000060d000000, 0x000000060d000000|100%| E|CS|TAMS 0x000000060cc00000, 0x000000060cc00000| Complete 
|  35|0x000000060d000000, 0x000000060d400000, 0x000000060d400000|100%| E|CS|TAMS 0x000000060d000000, 0x000000060d000000| Complete 
|  36|0x000000060d400000, 0x000000060d800000, 0x000000060d800000|100%| E|CS|TAMS 0x000000060d400000, 0x000000060d400000| Complete 
|  37|0x000000060d800000, 0x000000060dc00000, 0x000000060dc00000|100%| E|CS|TAMS 0x000000060d800000, 0x000000060d800000| Complete 
|  38|0x000000060dc00000, 0x000000060e000000, 0x000000060e000000|100%| E|CS|TAMS 0x000000060dc00000, 0x000000060dc00000| Complete 
|  39|0x000000060e000000, 0x000000060e400000, 0x000000060e400000|100%| E|CS|TAMS 0x000000060e000000, 0x000000060e000000| Complete 
|  40|0x000000060e400000, 0x000000060e800000, 0x000000060e800000|100%| E|CS|TAMS 0x000000060e400000, 0x000000060e400000| Complete 
|  41|0x000000060e800000, 0x000000060ec00000, 0x000000060ec00000|100%| E|CS|TAMS 0x000000060e800000, 0x000000060e800000| Complete 
|  42|0x000000060ec00000, 0x000000060f000000, 0x000000060f000000|100%| E|CS|TAMS 0x000000060ec00000, 0x000000060ec00000| Complete 
|  43|0x000000060f000000, 0x000000060f400000, 0x000000060f400000|100%| E|CS|TAMS 0x000000060f000000, 0x000000060f000000| Complete 
|  44|0x000000060f400000, 0x000000060f800000, 0x000000060f800000|100%| E|CS|TAMS 0x000000060f400000, 0x000000060f400000| Complete 
|  45|0x000000060f800000, 0x000000060fc00000, 0x000000060fc00000|100%| E|CS|TAMS 0x000000060f800000, 0x000000060f800000| Complete 
|  46|0x000000060fc00000, 0x0000000610000000, 0x0000000610000000|100%| E|CS|TAMS 0x000000060fc00000, 0x000000060fc00000| Complete 
|  47|0x0000000610000000, 0x0000000610400000, 0x0000000610400000|100%| E|CS|TAMS 0x0000000610000000, 0x0000000610000000| Complete 
|  48|0x0000000610400000, 0x0000000610800000, 0x0000000610800000|100%| E|CS|TAMS 0x0000000610400000, 0x0000000610400000| Complete 
|  49|0x0000000610800000, 0x0000000610c00000, 0x0000000610c00000|100%| E|CS|TAMS 0x0000000610800000, 0x0000000610800000| Complete 
|  50|0x0000000610c00000, 0x0000000611000000, 0x0000000611000000|100%| E|CS|TAMS 0x0000000610c00000, 0x0000000610c00000| Complete 
|  51|0x0000000611000000, 0x0000000611400000, 0x0000000611400000|100%| E|CS|TAMS 0x0000000611000000, 0x0000000611000000| Complete 
|  52|0x0000000611400000, 0x0000000611800000, 0x0000000611800000|100%| E|CS|TAMS 0x0000000611400000, 0x0000000611400000| Complete 
|  53|0x0000000611800000, 0x0000000611c00000, 0x0000000611c00000|100%| E|CS|TAMS 0x0000000611800000, 0x0000000611800000| Complete 
|  54|0x0000000611c00000, 0x0000000612000000, 0x0000000612000000|100%| E|CS|TAMS 0x0000000611c00000, 0x0000000611c00000| Complete 
|  55|0x0000000612000000, 0x0000000612400000, 0x0000000612400000|100%| E|CS|TAMS 0x0000000612000000, 0x0000000612000000| Complete 
|  56|0x0000000612400000, 0x0000000612800000, 0x0000000612800000|100%| E|CS|TAMS 0x0000000612400000, 0x0000000612400000| Complete 
|  57|0x0000000612800000, 0x0000000612c00000, 0x0000000612c00000|100%| E|CS|TAMS 0x0000000612800000, 0x0000000612800000| Complete 
|  58|0x0000000612c00000, 0x0000000613000000, 0x0000000613000000|100%| E|CS|TAMS 0x0000000612c00000, 0x0000000612c00000| Complete 
|  59|0x0000000613000000, 0x0000000613400000, 0x0000000613400000|100%| E|CS|TAMS 0x0000000613000000, 0x0000000613000000| Complete 
|  60|0x0000000613400000, 0x0000000613800000, 0x0000000613800000|100%| E|CS|TAMS 0x0000000613400000, 0x0000000613400000| Complete 
|  61|0x0000000613800000, 0x0000000613c00000, 0x0000000613c00000|100%| E|CS|TAMS 0x0000000613800000, 0x0000000613800000| Complete 
|  62|0x0000000613c00000, 0x0000000614000000, 0x0000000614000000|100%| E|CS|TAMS 0x0000000613c00000, 0x0000000613c00000| Complete 
|  63|0x0000000614000000, 0x0000000614400000, 0x0000000614400000|100%| E|CS|TAMS 0x0000000614000000, 0x0000000614000000| Complete 
|  64|0x0000000614400000, 0x0000000614800000, 0x0000000614800000|100%| E|CS|TAMS 0x0000000614400000, 0x0000000614400000| Complete 
|  65|0x0000000614800000, 0x0000000614c00000, 0x0000000614c00000|100%| E|CS|TAMS 0x0000000614800000, 0x0000000614800000| Complete 
|  66|0x0000000614c00000, 0x0000000615000000, 0x0000000615000000|100%| E|CS|TAMS 0x0000000614c00000, 0x0000000614c00000| Complete 
|  67|0x0000000615000000, 0x0000000615400000, 0x0000000615400000|100%| E|CS|TAMS 0x0000000615000000, 0x0000000615000000| Complete 
|  68|0x0000000615400000, 0x0000000615800000, 0x0000000615800000|100%| E|CS|TAMS 0x0000000615400000, 0x0000000615400000| Complete 
|  69|0x0000000615800000, 0x0000000615c00000, 0x0000000615c00000|100%| E|CS|TAMS 0x0000000615800000, 0x0000000615800000| Complete 
|  70|0x0000000615c00000, 0x0000000616000000, 0x0000000616000000|100%| E|CS|TAMS 0x0000000615c00000, 0x0000000615c00000| Complete 
|  71|0x0000000616000000, 0x0000000616400000, 0x0000000616400000|100%| E|CS|TAMS 0x0000000616000000, 0x0000000616000000| Complete 
|  72|0x0000000616400000, 0x0000000616800000, 0x0000000616800000|100%| E|CS|TAMS 0x0000000616400000, 0x0000000616400000| Complete 
|  73|0x0000000616800000, 0x0000000616c00000, 0x0000000616c00000|100%| E|CS|TAMS 0x0000000616800000, 0x0000000616800000| Complete 
|  74|0x0000000616c00000, 0x0000000617000000, 0x0000000617000000|100%| E|CS|TAMS 0x0000000616c00000, 0x0000000616c00000| Complete 
|  75|0x0000000617000000, 0x0000000617400000, 0x0000000617400000|100%| E|CS|TAMS 0x0000000617000000, 0x0000000617000000| Complete 
| 122|0x0000000622c00000, 0x0000000623000000, 0x0000000623000000|100%| E|CS|TAMS 0x0000000622c00000, 0x0000000622c00000| Complete 
| 126|0x0000000623c00000, 0x0000000624000000, 0x0000000624000000|100%| E|CS|TAMS 0x0000000623c00000, 0x0000000623c00000| Complete 

Card table byte_map: [0x000001e46de50000,0x000001e46ee30000] _byte_map_base: 0x000001e46ae2e000

Marking Bits (Prev, Next): (CMBitMap*) 0x000001e46256c940, (CMBitMap*) 0x000001e46256c900
 Prev Bits: [0x000001e477d00000, 0x000001e47fbf0000)
 Next Bits: [0x000001e46fe10000, 0x000001e477d00000)

Polling page: 0x000001e4604c0000

Metaspace:

Usage:
  Non-class:     60.74 MB used.
      Class:     10.23 MB used.
       Both:     70.97 MB used.

Virtual space:
  Non-class space:       64.00 MB reserved,      61.06 MB ( 95%) committed,  8 nodes.
      Class space:        1.00 GB reserved,      10.56 MB (  1%) committed,  1 nodes.
             Both:        1.06 GB reserved,      71.62 MB (  7%) committed. 

Chunk freelists:
   Non-Class:  2.97 MB
       Class:  1.44 MB
        Both:  4.40 MB

MaxMetaspaceSize: unlimited
CompressedClassSpaceSize: 1.00 GB
Initial GC threshold: 21.00 MB
Current GC threshold: 99.00 MB
CDS: on
MetaspaceReclaimPolicy: balanced
 - commit_granule_bytes: 65536.
 - commit_granule_words: 8192.
 - virtual_space_node_default_size: 1048576.
 - enlarge_chunks_in_place: 1.
 - new_chunks_are_fully_committed: 0.
 - uncommit_free_chunks: 1.
 - use_allocation_guard: 0.
 - handle_deallocations: 1.


Internal statistics:

num_allocs_failed_limit: 9.
num_arena_births: 894.
num_arena_deaths: 0.
num_vsnodes_births: 9.
num_vsnodes_deaths: 0.
num_space_committed: 1146.
num_space_uncommitted: 0.
num_chunks_returned_to_freelist: 9.
num_chunks_taken_from_freelist: 3468.
num_chunk_merges: 6.
num_chunk_splits: 2565.
num_chunks_enlarged: 1996.
num_purges: 0.
num_inconsistent_stats: 0.

CodeCache: size=49152Kb used=13848Kb max_used=15329Kb free=35303Kb
 bounds [0x000001e469d60000, 0x000001e46ac60000, 0x000001e46cd60000]
 total_blobs=8384 nmethods=7698 adapters=612
 compilation: enabled
              stopped_count=0, restarted_count=0
 full_count=0

Compilation events (20 events):
Event: 1796.328 Thread 0x000001e47fe48b60 7690       1       org.postgresql.core.v3.QueryExecutorImpl::receiveParameterStatus (474 bytes)
Event: 1796.329 Thread 0x000001e47fe48b60 nmethod 7690 0x000001e46a1ae790 code [0x000001e46a1aeca0, 0x000001e46a1b0ad8]
Event: 1796.329 Thread 0x000001e47fe48b60 7692       1       org.postgresql.core.Parser::parseSql (506 bytes)
Event: 1796.330 Thread 0x000001e47fe48b60 nmethod 7692 0x000001e46a1ad490 code [0x000001e46a1ad720, 0x000001e46a1adfd8]
Event: 1796.330 Thread 0x000001e47fe48b60 7689       1       org.postgresql.core.v3.SimpleQuery::<init> (20 bytes)
Event: 1796.330 Thread 0x000001e47fe48b60 nmethod 7689 0x000001e46a1ad110 code [0x000001e46a1ad2a0, 0x000001e46a1ad418]
Event: 1796.330 Thread 0x000001e47fe48b60 7691       1       org.postgresql.core.QueryExecutorBase::onParameterStatus (36 bytes)
Event: 1796.330 Thread 0x000001e47fe48b60 nmethod 7691 0x000001e46a1acc10 code [0x000001e46a1acdc0, 0x000001e46a1acfa8]
Event: 1801.411 Thread 0x000001e47fe48b60 7693       1       java.util.Properties::<init> (32 bytes)
Event: 1801.412 Thread 0x000001e47fe48b60 nmethod 7693 0x000001e46a1ac710 code [0x000001e46a1ac8e0, 0x000001e46a1acb48]
Event: 1801.412 Thread 0x000001e47fe48b60 7694       1       java.util.Hashtable::<init> (10 bytes)
Event: 1801.412 Thread 0x000001e47fe48b60 nmethod 7694 0x000001e46a1ac410 code [0x000001e46a1ac5a0, 0x000001e46a1ac678]
Event: 1801.412 Thread 0x000001e47fe48b60 7695   !   1       java.net.Socket::isClosed (19 bytes)
Event: 1801.412 Thread 0x000001e47fe48b60 nmethod 7695 0x000001e46a1ac010 code [0x000001e46a1ac1a0, 0x000001e46a1ac358]
Event: 1801.484 Thread 0x000001e47fe48b60 7696       1       org.postgresql.shaded.com.ongres.scram.common.ScramAttributeValue::<init> (15 bytes)
Event: 1801.484 Thread 0x000001e47fe48b60 nmethod 7696 0x000001e46a1abc10 code [0x000001e46a1abdc0, 0x000001e46a1abf18]
Event: 1801.485 Thread 0x000001e47fe48b60 7697       1       java.util.stream.Sink$ChainedInt::cancellationRequested (10 bytes)
Event: 1801.485 Thread 0x000001e47fe48b60 nmethod 7697 0x000001e46a1ab910 code [0x000001e46a1abaa0, 0x000001e46a1abb88]
Event: 1861.448 Thread 0x000001e47fe48b60 7698       1       java.util.concurrent.locks.AbstractQueuedSynchronizer::acquireInterruptibly (36 bytes)
Event: 1861.449 Thread 0x000001e47fe48b60 nmethod 7698 0x000001e46a1ab390 code [0x000001e46a1ab560, 0x000001e46a1ab7b8]

GC Heap History (20 events):
Event: 3.975 GC heap after
{Heap after GC invocations=7 (full 0):
 garbage-first heap   total 122880K, used 34261K [0x0000000604400000, 0x0000000800000000)
  region size 4096K, 3 young (12288K), 3 survivors (12288K)
 Metaspace       used 28820K, committed 29184K, reserved 1081344K
  class space    used 4064K, committed 4224K, reserved 1048576K
}
Event: 4.052 GC heap before
{Heap before GC invocations=7 (full 0):
 garbage-first heap   total 122880K, used 38357K [0x0000000604400000, 0x0000000800000000)
  region size 4096K, 4 young (16384K), 3 survivors (12288K)
 Metaspace       used 29750K, committed 30144K, reserved 1081344K
  class space    used 4167K, committed 4352K, reserved 1048576K
}
Event: 4.058 GC heap after
{Heap after GC invocations=8 (full 0):
 garbage-first heap   total 122880K, used 35656K [0x0000000604400000, 0x0000000800000000)
  region size 4096K, 1 young (4096K), 1 survivors (4096K)
 Metaspace       used 29750K, committed 30144K, reserved 1081344K
  class space    used 4167K, committed 4352K, reserved 1048576K
}
Event: 4.466 GC heap before
{Heap before GC invocations=8 (full 0):
 garbage-first heap   total 122880K, used 80712K [0x0000000604400000, 0x0000000800000000)
  region size 4096K, 12 young (49152K), 1 survivors (4096K)
 Metaspace       used 35286K, committed 35840K, reserved 1081344K
  class space    used 4864K, committed 5120K, reserved 1048576K
}
Event: 4.470 GC heap after
{Heap after GC invocations=9 (full 0):
 garbage-first heap   total 323584K, used 37500K [0x0000000604400000, 0x0000000800000000)
  region size 4096K, 1 young (4096K), 1 survivors (4096K)
 Metaspace       used 35286K, committed 35840K, reserved 1081344K
  class space    used 4864K, committed 5120K, reserved 1048576K
}
Event: 4.474 GC heap before
{Heap before GC invocations=9 (full 0):
 garbage-first heap   total 323584K, used 37500K [0x0000000604400000, 0x0000000800000000)
  region size 4096K, 2 young (8192K), 1 survivors (4096K)
 Metaspace       used 35486K, committed 35968K, reserved 1081344K
  class space    used 4879K, committed 5120K, reserved 1048576K
}
Event: 4.477 GC heap after
{Heap after GC invocations=10 (full 0):
 garbage-first heap   total 323584K, used 37635K [0x0000000604400000, 0x0000000800000000)
  region size 4096K, 1 young (4096K), 1 survivors (4096K)
 Metaspace       used 35486K, committed 35968K, reserved 1081344K
  class space    used 4879K, committed 5120K, reserved 1048576K
}
Event: 5.684 GC heap before
{Heap before GC invocations=11 (full 0):
 garbage-first heap   total 151552K, used 123651K [0x0000000604400000, 0x0000000800000000)
  region size 4096K, 22 young (90112K), 1 survivors (4096K)
 Metaspace       used 53424K, committed 53888K, reserved 1097728K
  class space    used 7683K, committed 7936K, reserved 1048576K
}
Event: 5.702 GC heap after
{Heap after GC invocations=12 (full 0):
 garbage-first heap   total 151552K, used 41588K [0x0000000604400000, 0x0000000800000000)
  region size 4096K, 2 young (8192K), 2 survivors (8192K)
 Metaspace       used 53424K, committed 53888K, reserved 1097728K
  class space    used 7683K, committed 7936K, reserved 1048576K
}
Event: 5.757 GC heap before
{Heap before GC invocations=12 (full 0):
 garbage-first heap   total 151552K, used 41588K [0x0000000604400000, 0x0000000800000000)
  region size 4096K, 3 young (12288K), 2 survivors (8192K)
 Metaspace       used 54527K, committed 54976K, reserved 1097728K
  class space    used 7853K, committed 8064K, reserved 1048576K
}
Event: 5.813 GC heap after
{Heap after GC invocations=13 (full 0):
 garbage-first heap   total 151552K, used 42293K [0x0000000604400000, 0x0000000800000000)
  region size 4096K, 1 young (4096K), 1 survivors (4096K)
 Metaspace       used 54527K, committed 54976K, reserved 1097728K
  class space    used 7853K, committed 8064K, reserved 1048576K
}
Event: 6.137 GC heap before
{Heap before GC invocations=13 (full 0):
 garbage-first heap   total 151552K, used 58677K [0x0000000604400000, 0x0000000800000000)
  region size 4096K, 7 young (28672K), 1 survivors (4096K)
 Metaspace       used 60010K, committed 60480K, reserved 1105920K
  class space    used 8668K, committed 8896K, reserved 1048576K
}
Event: 6.140 GC heap after
{Heap after GC invocations=14 (full 0):
 garbage-first heap   total 151552K, used 43623K [0x0000000604400000, 0x0000000800000000)
  region size 4096K, 1 young (4096K), 1 survivors (4096K)
 Metaspace       used 60010K, committed 60480K, reserved 1105920K
  class space    used 8668K, committed 8896K, reserved 1048576K
}
Event: 6.694 GC heap before
{Heap before GC invocations=15 (full 0):
 garbage-first heap   total 151552K, used 113255K [0x0000000604400000, 0x0000000800000000)
  region size 4096K, 18 young (73728K), 1 survivors (4096K)
 Metaspace       used 67006K, committed 67584K, reserved 1114112K
  class space    used 9636K, committed 9920K, reserved 1048576K
}
Event: 6.701 GC heap after
{Heap after GC invocations=16 (full 0):
 garbage-first heap   total 319488K, used 52461K [0x0000000604400000, 0x0000000800000000)
  region size 4096K, 3 young (12288K), 3 survivors (12288K)
 Metaspace       used 67006K, committed 67584K, reserved 1114112K
  class space    used 9636K, committed 9920K, reserved 1048576K
}
Event: 6.928 GC heap before
{Heap before GC invocations=16 (full 0):
 garbage-first heap   total 319488K, used 224493K [0x0000000604400000, 0x0000000800000000)
  region size 4096K, 46 young (188416K), 3 survivors (12288K)
 Metaspace       used 67104K, committed 67648K, reserved 1114112K
  class space    used 9650K, committed 9920K, reserved 1048576K
}
Event: 6.932 GC heap after
{Heap after GC invocations=17 (full 0):
 garbage-first heap   total 319488K, used 49315K [0x0000000604400000, 0x0000000800000000)
  region size 4096K, 2 young (8192K), 2 survivors (8192K)
 Metaspace       used 67104K, committed 67648K, reserved 1114112K
  class space    used 9650K, committed 9920K, reserved 1048576K
}
Event: 7.162 GC heap before
{Heap before GC invocations=17 (full 0):
 garbage-first heap   total 319488K, used 225443K [0x0000000604400000, 0x0000000800000000)
  region size 4096K, 46 young (188416K), 2 survivors (8192K)
 Metaspace       used 67764K, committed 68288K, reserved 1114112K
  class space    used 9742K, committed 9984K, reserved 1048576K
}
Event: 7.166 GC heap after
{Heap after GC invocations=18 (full 0):
 garbage-first heap   total 319488K, used 49366K [0x0000000604400000, 0x0000000800000000)
  region size 4096K, 2 young (8192K), 2 survivors (8192K)
 Metaspace       used 67764K, committed 68288K, reserved 1114112K
  class space    used 9742K, committed 9984K, reserved 1048576K
}
Event: 1874.236 GC heap before
{Heap before GC invocations=18 (full 0):
 garbage-first heap   total 319488K, used 229590K [0x0000000604400000, 0x0000000800000000)
  region size 4096K, 46 young (188416K), 2 survivors (8192K)
 Metaspace       used 72668K, committed 73344K, reserved 1114112K
  class space    used 10470K, committed 10816K, reserved 1048576K
}

Deoptimization events (16 events):
Event: 2.747 Thread 0x000001e4046e92b0 DEOPT PACKING pc=0x000001e46a347cf9 sp=0x00000034eccfca50
Event: 2.747 Thread 0x000001e4046e92b0 DEOPT UNPACKING pc=0x000001e469db66e3 sp=0x00000034eccfbf30 mode 3
Event: 3.633 Thread 0x000001e4046e92b0 DEOPT PACKING pc=0x000001e46a5bfd79 sp=0x00000034eccfc400
Event: 3.633 Thread 0x000001e4046e92b0 DEOPT UNPACKING pc=0x000001e469db66e3 sp=0x00000034eccfb8e8 mode 3
Event: 3.996 Thread 0x000001e4046e92b0 DEOPT PACKING pc=0x000001e46a650225 sp=0x00000034eccfc9a0
Event: 3.996 Thread 0x000001e4046e92b0 DEOPT UNPACKING pc=0x000001e469db66e3 sp=0x00000034eccfbf08 mode 3
Event: 4.461 Thread 0x000001e4046e92b0 DEOPT PACKING pc=0x000001e46a355e89 sp=0x00000034eccfd540
Event: 4.461 Thread 0x000001e4046e92b0 DEOPT UNPACKING pc=0x000001e469db66e3 sp=0x00000034eccfc9d0 mode 3
Event: 4.461 Thread 0x000001e407ffd3b0 DEOPT PACKING pc=0x000001e46a2f6a9f sp=0x00000034ed2fef40
Event: 4.461 Thread 0x000001e407ffd3b0 DEOPT UNPACKING pc=0x000001e469db66e3 sp=0x00000034ed2fe398 mode 3
Event: 6.188 Thread 0x000001e4046e92b0 DEOPT PACKING pc=0x000001e46a3c0452 sp=0x00000034eccfa080
Event: 6.188 Thread 0x000001e4046e92b0 DEOPT UNPACKING pc=0x000001e469db66e3 sp=0x00000034eccf9588 mode 3
Event: 6.349 Thread 0x000001e4046e92b0 DEOPT PACKING pc=0x000001e46a36fd54 sp=0x00000034eccfbab0
Event: 6.350 Thread 0x000001e4046e92b0 DEOPT UNPACKING pc=0x000001e469db66e3 sp=0x00000034eccfb008 mode 0
Event: 6.653 Thread 0x000001e4046e92b0 DEOPT PACKING pc=0x000001e46a977393 sp=0x00000034eccfc6f0
Event: 6.653 Thread 0x000001e4046e92b0 DEOPT UNPACKING pc=0x000001e469db66e3 sp=0x00000034eccfbc38 mode 3

Classes unloaded (0 events):
No events

Classes redefined (0 events):
No events

Internal exceptions (20 events):
Event: 6.926 Thread 0x000001e407ffe220 Exception <a 'sun/nio/fs/WindowsException'{0x000000060d05edc0}> (0x000000060d05edc0) 
thrown [s\open\src\hotspot\share\prims\jni.cpp, line 516]
Event: 6.926 Thread 0x000001e407ffe220 Exception <a 'sun/nio/fs/WindowsException'{0x000000060d05f080}> (0x000000060d05f080) 
thrown [s\open\src\hotspot\share\prims\jni.cpp, line 516]
Event: 6.926 Thread 0x000001e407ffe220 Exception <a 'sun/nio/fs/WindowsException'{0x000000060d05f978}> (0x000000060d05f978) 
thrown [s\open\src\hotspot\share\prims\jni.cpp, line 516]
Event: 6.926 Thread 0x000001e407ffe220 Exception <a 'sun/nio/fs/WindowsException'{0x000000060d05fc28}> (0x000000060d05fc28) 
thrown [s\open\src\hotspot\share\prims\jni.cpp, line 516]
Event: 6.926 Thread 0x000001e407ffe220 Exception <a 'sun/nio/fs/WindowsException'{0x000000060d060530}> (0x000000060d060530) 
thrown [s\open\src\hotspot\share\prims\jni.cpp, line 516]
Event: 6.926 Thread 0x000001e407ffe220 Exception <a 'sun/nio/fs/WindowsException'{0x000000060d0607f0}> (0x000000060d0607f0) 
thrown [s\open\src\hotspot\share\prims\jni.cpp, line 516]
Event: 6.927 Thread 0x000001e407ffe220 Exception <a 'sun/nio/fs/WindowsException'{0x000000060d061110}> (0x000000060d061110) 
thrown [s\open\src\hotspot\share\prims\jni.cpp, line 516]
Event: 6.927 Thread 0x000001e407ffe220 Exception <a 'sun/nio/fs/WindowsException'{0x000000060d0613f0}> (0x000000060d0613f0) 
thrown [s\open\src\hotspot\share\prims\jni.cpp, line 516]
Event: 6.927 Thread 0x000001e407ffe220 Exception <a 'sun/nio/fs/WindowsException'{0x000000060d061d28}> (0x000000060d061d28) 
thrown [s\open\src\hotspot\share\prims\jni.cpp, line 516]
Event: 6.927 Thread 0x000001e407ffe220 Exception <a 'sun/nio/fs/WindowsException'{0x000000060d062020}> (0x000000060d062020) 
thrown [s\open\src\hotspot\share\prims\jni.cpp, line 516]
Event: 6.927 Thread 0x000001e407ffe220 Exception <a 'sun/nio/fs/WindowsException'{0x000000060d062950}> (0x000000060d062950) 
thrown [s\open\src\hotspot\share\prims\jni.cpp, line 516]
Event: 6.927 Thread 0x000001e407ffe220 Exception <a 'sun/nio/fs/WindowsException'{0x000000060d062c40}> (0x000000060d062c40) 
thrown [s\open\src\hotspot\share\prims\jni.cpp, line 516]
Event: 7.100 Thread 0x000001e4046e92b0 Exception <a 'java/lang/NoSuchMethodError'{0x000000060d7c3050}: 'java.lang.Object java.lang.invoke.DirectMethodHandle$Holder.invokeInterface(java.lang.Object, java.lang.Object, java.lang.Object, java.lang.Object)'> (0x000000060d7c3050) 
thrown [s\open\src\hotspot\share\interpreter\linkResolver.cpp, line 759]
Event: 7.418 Thread 0x000001e4046e92b0 Exception <a 'java/lang/NoSuchMethodError'{0x00000006156b0168}: 'java.lang.Object java.lang.invoke.DirectMethodHandle$Holder.newInvokeSpecial(java.lang.Object, java.lang.Object, int, java.lang.Object, java.lang.Object)'> (0x00000006156b0168) 
thrown [s\open\src\hotspot\share\interpreter\linkResolver.cpp, line 759]
Event: 7.419 Thread 0x000001e4046e92b0 Exception <a 'java/lang/NoSuchMethodError'{0x00000006156bb6e8}: 'java.lang.Object java.lang.invoke.DirectMethodHandle$Holder.invokeSpecial(java.lang.Object, java.lang.Object, int, java.lang.Object, int, java.lang.Object)'> (0x00000006156bb6e8) 
thrown [s\open\src\hotspot\share\interpreter\linkResolver.cpp, line 759]
Event: 7.419 Thread 0x000001e4046e92b0 Exception <a 'java/lang/NoSuchMethodError'{0x00000006156c3798}: 'java.lang.Object java.lang.invoke.DirectMethodHandle$Holder.newInvokeSpecial(java.lang.Object, java.lang.Object, int, java.lang.Object, int)'> (0x00000006156c3798) 
thrown [s\open\src\hotspot\share\interpreter\linkResolver.cpp, line 759]
Event: 7.419 Thread 0x000001e4046e92b0 Exception <a 'java/lang/NoSuchMethodError'{0x00000006156c7898}: 'java.lang.Object java.lang.invoke.DirectMethodHandle$Holder.invokeSpecial(java.lang.Object, java.lang.Object, java.lang.Object, int, java.lang.Object, int)'> (0x00000006156c7898) 
thrown [s\open\src\hotspot\share\interpreter\linkResolver.cpp, line 759]
Event: 193.141 Thread 0x000001e407ffe220 Exception <a 'java/lang/NoSuchMethodError'{0x0000000613c2aeb0}: 'java.lang.Object java.lang.invoke.DirectMethodHandle$Holder.invokeSpecial(java.lang.Object, java.lang.Object, java.lang.Object, java.lang.Object, java.lang.Object, long)'> (0x0000000613c2aeb0) 
thrown [s\open\src\hotspot\share\interpreter\linkResolver.cpp, line 759]
Event: 193.141 Thread 0x000001e407ffe220 Exception <a 'java/lang/NoSuchMethodError'{0x0000000613c2e8f0}: 'java.lang.Object java.lang.invoke.Invokers$Holder.linkToTargetMethod(java.lang.Object, java.lang.Object, java.lang.Object, long, java.lang.Object)'> (0x0000000613c2e8f0) 
thrown [s\open\src\hotspot\share\interpreter\linkResolver.cpp, line 759]
Event: 193.232 Thread 0x000001e40a9ab8e0 Exception <a 'java/lang/NoSuchMethodError'{0x00000006157ef248}: 'java.lang.Object java.lang.invoke.DirectMethodHandle$Holder.invokeStatic(java.lang.Object, int, int)'> (0x00000006157ef248) 
thrown [s\open\src\hotspot\share\interpreter\linkResolver.cpp, line 759]

VM Operations (20 events):
Event: 214.804 Executing VM operation: Cleanup done
Event: 255.169 Executing VM operation: Cleanup
Event: 255.169 Executing VM operation: Cleanup done
Event: 256.177 Executing VM operation: Cleanup
Event: 256.177 Executing VM operation: Cleanup done
Event: 654.773 Executing VM operation: Cleanup
Event: 654.773 Executing VM operation: Cleanup done
Event: 1761.244 Executing VM operation: Cleanup
Event: 1761.244 Executing VM operation: Cleanup done
Event: 1762.252 Executing VM operation: Cleanup
Event: 1762.253 Executing VM operation: Cleanup done
Event: 1769.324 Executing VM operation: Cleanup
Event: 1769.324 Executing VM operation: Cleanup done
Event: 1775.362 Executing VM operation: Cleanup
Event: 1775.363 Executing VM operation: Cleanup done
Event: 1790.508 Executing VM operation: Cleanup
Event: 1790.508 Executing VM operation: Cleanup done
Event: 1795.565 Executing VM operation: Cleanup
Event: 1795.565 Executing VM operation: Cleanup done
Event: 1874.236 Executing VM operation: G1CollectForAllocation

Events (20 events):
Event: 1760.872 Thread 0x000001e40a9a6240 Thread added: 0x000001e40a9a6240
Event: 1760.872 Thread 0x000001e40a9a7f20 Thread added: 0x000001e40a9a7f20
Event: 1773.521 Thread 0x000001e40a9a6240 Thread exited: 0x000001e40a9a6240
Event: 1773.614 Thread 0x000001e40a9a7f20 Thread exited: 0x000001e40a9a7f20
Event: 1775.236 Thread 0x000001e40a9ab410 Thread added: 0x000001e40a9ab410
Event: 1775.237 Thread 0x000001e40a9a4a30 Thread added: 0x000001e40a9a4a30
Event: 1780.239 Thread 0x000001e40a9ab410 Thread exited: 0x000001e40a9ab410
Event: 1780.332 Thread 0x000001e40a9a4a30 Thread exited: 0x000001e40a9a4a30
Event: 1789.682 Thread 0x000001e40a9a88c0 Thread added: 0x000001e40a9a88c0
Event: 1789.682 Thread 0x000001e40a9ab410 Thread added: 0x000001e40a9ab410
Event: 1794.691 Thread 0x000001e40a9a88c0 Thread exited: 0x000001e40a9a88c0
Event: 1794.785 Thread 0x000001e40a9ab410 Thread exited: 0x000001e40a9ab410
Event: 1795.190 Thread 0x000001e40a9a6240 Thread added: 0x000001e40a9a6240
Event: 1795.190 Thread 0x000001e40a9a4a30 Thread added: 0x000001e40a9a4a30
Event: 1801.255 Thread 0x000001e40a9a6240 Thread exited: 0x000001e40a9a6240
Event: 1801.346 Thread 0x000001e40a9a4a30 Thread exited: 0x000001e40a9a4a30
Event: 1801.410 Thread 0x000001e40a9ab410 Thread added: 0x000001e40a9ab410
Event: 1801.410 Thread 0x000001e40a9a88c0 Thread added: 0x000001e40a9a88c0
Event: 1806.421 Thread 0x000001e40a9ab410 Thread exited: 0x000001e40a9ab410
Event: 1806.515 Thread 0x000001e40a9a88c0 Thread exited: 0x000001e40a9a88c0


Dynamic libraries:
0x00007ff730680000 - 0x00007ff730690000 	C:\Program Files\Java\jdk-17\bin\java.exe
0x00007ffea8c90000 - 0x00007ffea8ea4000 	C:\WINDOWS\SYSTEM32\ntdll.dll
0x00007ffe65cf0000 - 0x00007ffe65d09000 	C:\Program Files\Avast Software\Avast\aswhook.dll
0x00007ffea7be0000 - 0x00007ffea7ca4000 	C:\WINDOWS\System32\KERNEL32.DLL
0x00007ffea6140000 - 0x00007ffea64e4000 	C:\WINDOWS\System32\KERNELBASE.dll
0x00007ffea6930000 - 0x00007ffea6a41000 	C:\WINDOWS\System32\ucrtbase.dll
0x00007ffe9c780000 - 0x00007ffe9c79b000 	C:\Program Files\Java\jdk-17\bin\VCRUNTIME140.dll
0x00007ffe9e4b0000 - 0x00007ffe9e4c8000 	C:\Program Files\Java\jdk-17\bin\jli.dll
0x00007ffea8b90000 - 0x00007ffea8c40000 	C:\WINDOWS\System32\ADVAPI32.dll
0x00007ffea8030000 - 0x00007ffea80d7000 	C:\WINDOWS\System32\msvcrt.dll
0x00007ffea7da0000 - 0x00007ffea7e46000 	C:\WINDOWS\System32\sechost.dll
0x00007ffea72a0000 - 0x00007ffea73b7000 	C:\WINDOWS\System32\RPCRT4.dll
0x00007ffea6b00000 - 0x00007ffea6caa000 	C:\WINDOWS\System32\USER32.dll
0x00007ffea6070000 - 0x00007ffea6096000 	C:\WINDOWS\System32\win32u.dll
0x00007ffea51f0000 - 0x00007ffea547f000 	C:\WINDOWS\WinSxS\amd64_microsoft.windows.common-controls_6595b64144ccf1df_6.0.22621.2070_none_2713e6537381f706\COMCTL32.dll
0x00007ffea6a50000 - 0x00007ffea6a79000 	C:\WINDOWS\System32\GDI32.dll
0x00007ffea64f0000 - 0x00007ffea6609000 	C:\WINDOWS\System32\gdi32full.dll
0x00007ffea60a0000 - 0x00007ffea613a000 	C:\WINDOWS\System32\msvcp_win.dll
0x00007ffe96da0000 - 0x00007ffe96daa000 	C:\WINDOWS\SYSTEM32\VERSION.dll
0x00007ffea70c0000 - 0x00007ffea70f1000 	C:\WINDOWS\System32\IMM32.DLL
0x00007ffe9eb10000 - 0x00007ffe9eb1c000 	C:\Program Files\Java\jdk-17\bin\vcruntime140_1.dll
0x00007ffe847d0000 - 0x00007ffe8485e000 	C:\Program Files\Java\jdk-17\bin\msvcp140.dll
0x00007ffe2a410000 - 0x00007ffe2afe7000 	C:\Program Files\Java\jdk-17\bin\server\jvm.dll
0x00007ffe9a410000 - 0x00007ffe9a444000 	C:\WINDOWS\SYSTEM32\WINMM.dll
0x00007ffea6f80000 - 0x00007ffea6f88000 	C:\WINDOWS\System32\PSAPI.DLL
0x00007ffe9a850000 - 0x00007ffe9a859000 	C:\WINDOWS\SYSTEM32\WSOCK32.dll
0x00007ffea7f50000 - 0x00007ffea7fc1000 	C:\WINDOWS\System32\WS2_32.dll
0x00007ffea49b0000 - 0x00007ffea49c8000 	C:\WINDOWS\SYSTEM32\kernel.appcore.dll
0x00007ffe9c7b0000 - 0x00007ffe9c7ba000 	C:\Program Files\Java\jdk-17\bin\jimage.dll
0x00007ffea5a00000 - 0x00007ffea5c2e000 	C:\WINDOWS\SYSTEM32\DBGHELP.DLL
0x00007ffea8800000 - 0x00007ffea8b8a000 	C:\WINDOWS\System32\combase.dll
0x00007ffea7cb0000 - 0x00007ffea7d87000 	C:\WINDOWS\System32\OLEAUT32.dll
0x00007ffea5590000 - 0x00007ffea55c2000 	C:\WINDOWS\SYSTEM32\dbgcore.DLL
0x00007ffea6680000 - 0x00007ffea66fa000 	C:\WINDOWS\System32\bcryptPrimitives.dll
0x00007ffe946a0000 - 0x00007ffe946ae000 	C:\Program Files\Java\jdk-17\bin\instrument.dll
0x00007ffe9c6f0000 - 0x00007ffe9c715000 	C:\Program Files\Java\jdk-17\bin\java.dll
0x00007ffe74ec0000 - 0x00007ffe74f97000 	C:\Program Files\Java\jdk-17\bin\jsvml.dll
0x00007ffea73c0000 - 0x00007ffea7bd6000 	C:\WINDOWS\System32\SHELL32.dll
0x00007ffea37a0000 - 0x00007ffea408a000 	C:\WINDOWS\SYSTEM32\windows.storage.dll
0x00007ffea3660000 - 0x00007ffea379e000 	C:\WINDOWS\SYSTEM32\wintypes.dll
0x00007ffea7160000 - 0x00007ffea7253000 	C:\WINDOWS\System32\SHCORE.dll
0x00007ffea7100000 - 0x00007ffea715e000 	C:\WINDOWS\System32\shlwapi.dll
0x00007ffea5fa0000 - 0x00007ffea5fc6000 	C:\WINDOWS\SYSTEM32\profapi.dll
0x00007ffe995b0000 - 0x00007ffe995c8000 	C:\Program Files\Java\jdk-17\bin\zip.dll
0x00007ffe9c760000 - 0x00007ffe9c779000 	C:\Program Files\Java\jdk-17\bin\net.dll
0x00007ffe9cb50000 - 0x00007ffe9cc87000 	C:\WINDOWS\SYSTEM32\WINHTTP.dll
0x00007ffea4ff0000 - 0x00007ffea5059000 	C:\WINDOWS\system32\mswsock.dll
0x00007ffe9bc60000 - 0x00007ffe9bc76000 	C:\Program Files\Java\jdk-17\bin\nio.dll
0x00007ffe93e30000 - 0x00007ffe93e4a000 	C:\Program Files\JetBrains\IntelliJ IDEA 2022.3.2\bin\breakgen64.dll
0x00007ffea4310000 - 0x00007ffea4403000 	C:\WINDOWS\SYSTEM32\DNSAPI.dll
0x00007ffea42e0000 - 0x00007ffea430d000 	C:\WINDOWS\SYSTEM32\IPHLPAPI.DLL
0x00007ffea6f70000 - 0x00007ffea6f79000 	C:\WINDOWS\System32\NSI.dll
0x00007ffe9ca10000 - 0x00007ffe9ca1a000 	C:\Windows\System32\rasadhlp.dll
0x00007ffe99090000 - 0x00007ffe99114000 	C:\WINDOWS\System32\fwpuclnt.dll
0x00007ffea0140000 - 0x00007ffea014a000 	C:\Program Files\Java\jdk-17\bin\management.dll
0x00007ffe95bf0000 - 0x00007ffe95bfb000 	C:\Program Files\Java\jdk-17\bin\management_ext.dll
0x00007ffea5d10000 - 0x00007ffea5d2b000 	C:\WINDOWS\SYSTEM32\CRYPTSP.dll
0x00007ffea49d0000 - 0x00007ffea4a05000 	C:\WINDOWS\system32\rsaenh.dll
0x00007ffea4e90000 - 0x00007ffea4ebc000 	C:\WINDOWS\SYSTEM32\USERENV.dll
0x00007ffea5930000 - 0x00007ffea5958000 	C:\WINDOWS\SYSTEM32\bcrypt.dll
0x00007ffea5140000 - 0x00007ffea514c000 	C:\WINDOWS\SYSTEM32\CRYPTBASE.dll
0x00007ffe9a830000 - 0x00007ffe9a849000 	C:\WINDOWS\SYSTEM32\dhcpcsvc6.DLL
0x00007ffe9a6d0000 - 0x00007ffe9a6ef000 	C:\WINDOWS\SYSTEM32\dhcpcsvc.DLL
0x00007ffe7d0a0000 - 0x00007ffe7d0b7000 	C:\WINDOWS\system32\napinsp.dll
0x00007ffe7d080000 - 0x00007ffe7d09b000 	C:\WINDOWS\system32\pnrpnsp.dll
0x00007ffe7bfb0000 - 0x00007ffe7bfc1000 	C:\WINDOWS\System32\winrnr.dll
0x00007ffe9a940000 - 0x00007ffe9a955000 	C:\WINDOWS\system32\wshbth.dll
0x00007ffe7bf80000 - 0x00007ffe7bfa1000 	C:\WINDOWS\system32\nlansp_c.dll
0x00007ffe93f70000 - 0x00007ffe93f7d000 	C:\Program Files\Java\jdk-17\bin\sunmscapi.dll
0x00007ffea67c0000 - 0x00007ffea6927000 	C:\WINDOWS\System32\CRYPT32.dll
0x00007ffea5560000 - 0x00007ffea558e000 	C:\WINDOWS\SYSTEM32\ncrypt.dll
0x00007ffea5520000 - 0x00007ffea5557000 	C:\WINDOWS\SYSTEM32\NTASN1.dll
0x00007ffe99590000 - 0x00007ffe995a0000 	C:\Program Files\Java\jdk-17\bin\verify.dll
0x00007ffe9fb00000 - 0x00007ffe9fb08000 	C:\WINDOWS\system32\wshunix.dll

dbghelp: loaded successfully - version: 4.0.5 - missing functions: none
symbol engine: initialized successfully - sym options: 0x614 - pdb path: .;C:\Program Files\Java\jdk-17\bin;C:\WINDOWS\SYSTEM32;C:\Program Files\Avast Software\Avast;C:\WINDOWS\WinSxS\amd64_microsoft.windows.common-controls_6595b64144ccf1df_6.0.22621.2070_none_2713e6537381f706;C:\Program Files\Java\jdk-17\bin\server;C:\Program Files\JetBrains\IntelliJ IDEA 2022.3.2\bin

VM Arguments:
jvm_args: -XX:TieredStopAtLevel=1 -Dspring.output.ansi.enabled=always -Dcom.sun.management.jmxremote -Dspring.jmx.enabled=true -Dspring.liveBeansView.mbeanDomain -Dspring.application.admin.enabled=true -Dmanagement.endpoints.jmx.exposure.include=* -javaagent:C:\Program Files\JetBrains\IntelliJ IDEA 2022.3.2\lib\idea_rt.jar=60606:C:\Program Files\JetBrains\IntelliJ IDEA 2022.3.2\bin -Dfile.encoding=UTF-8 
java_command: com.divalirio.DivalirioApiApplication
java_class_path (initial): D:\dev\projetos\divalirio\api\divalirio_api\target\classes;C:\Users\losan\.m2\repository\org\springframework\boot\spring-boot-starter-data-jpa\3.0.3\spring-boot-starter-data-jpa-3.0.3.jar;C:\Users\losan\.m2\repository\org\springframework\boot\spring-boot-starter-aop\3.1.2\spring-boot-starter-aop-3.1.2.jar;C:\Users\losan\.m2\repository\org\aspectj\aspectjweaver\1.9.19\aspectjweaver-1.9.19.jar;C:\Users\losan\.m2\repository\org\springframework\boot\spring-boot-starter-jdbc\3.1.2\spring-boot-starter-jdbc-3.1.2.jar;C:\Users\losan\.m2\repository\com\zaxxer\HikariCP\5.0.1\HikariCP-5.0.1.jar;C:\Users\losan\.m2\repository\org\springframework\spring-jdbc\6.0.11\spring-jdbc-6.0.11.jar;C:\Users\losan\.m2\repository\org\hibernate\orm\hibernate-core\6.2.6.Final\hibernate-core-6.2.6.Final.jar;C:\Users\losan\.m2\repository\jakarta\persistence\jakarta.persistence-api\3.1.0\jakarta.persistence-api-3.1.0.jar;C:\Users\losan\.m2\repository\jakarta\transaction\jakarta.transaction-api\2.0.1\jakarta.transaction-api-2.0.1.jar;C:\Users\losan\.m2\repository\org\jboss\logging\jboss-logging\3.5.3.Final\jboss-logging-3.5.3.Final.jar;C:\Users\losan\.m2\repository\org\hibernate\common\hibernate-commons-annotations\6.0.6.Final\hibernate-commons-annotations-6.0.6.Final.jar;C:\Users\losan\.m2\repository\io\smallrye\jandex\3.0.5\jandex-3.0.5.jar;C:\Users\losan\.m2\repository\com\fasterxml\classmate\1.5.1\classmate-1.5.1.jar;C:\Users\losan\.m2\repository\org\glassfish\jaxb\jaxb-runtime\4.0.3\jaxb-runtime-4.0.3.jar;C:\Users\losan\.m2\repository\org\glassfish\jaxb\jaxb-core\4.0.3\jaxb-core-4.0.3.jar;C:\Users\losan\.m2\repository\org\glassfish\jaxb\txw2\4.0.3\txw2-4.0.3.jar;C:\Users\losan\.m2\repository\com\sun\istack\istack-commons-runtime\4.1.2\istack-commons-runtime-4.1.2.jar;C:\Users\losan\.m2\repository\jakarta\inject\jakarta.inject-api\2.0.1\jakarta.inject-api-2.0.1.jar;C:\Users\losan\.m2\repository\org\antlr\antlr4-runtime\4.10.1\antlr4-runtime-4.10.1.jar;C:\Users\losan
Launcher Type: SUN_STANDARD

[Global flags]
     intx CICompilerCount                          = 4                                         {product} {ergonomic}
     uint ConcGCThreads                            = 2                                         {product} {ergonomic}
     uint G1ConcRefinementThreads                  = 8                                         {product} {ergonomic}
   size_t G1HeapRegionSize                         = 4194304                                   {product} {ergonomic}
    uintx GCDrainStackTargetSize                   = 64                                        {product} {ergonomic}
   size_t InitialHeapSize                          = 532676608                                 {product} {ergonomic}
     bool ManagementServer                         = true                                      {product} {command line}
   size_t MarkStackSize                            = 4194304                                   {product} {ergonomic}
   size_t MaxHeapSize                              = 8518631424                                {product} {ergonomic}
   size_t MaxNewSize                               = 5108662272                                {product} {ergonomic}
   size_t MinHeapDeltaBytes                        = 4194304                                   {product} {ergonomic}
   size_t MinHeapSize                              = 8388608                                   {product} {ergonomic}
    uintx NonProfiledCodeHeapSize                  = 0                                      {pd product} {ergonomic}
     bool ProfileInterpreter                       = false                                  {pd product} {command line}
    uintx ProfiledCodeHeapSize                     = 0                                      {pd product} {ergonomic}
   size_t SoftMaxHeapSize                          = 8518631424                             {manageable} {ergonomic}
     intx TieredStopAtLevel                        = 1                                         {product} {command line}
     bool UseCompressedClassPointers               = true                           {product lp64_product} {ergonomic}
     bool UseCompressedOops                        = true                           {product lp64_product} {ergonomic}
     bool UseG1GC                                  = true                                      {product} {ergonomic}
     bool UseLargePagesIndividualAllocation        = false                                  {pd product} {ergonomic}

Logging:
Log output configuration:
 #0: stdout all=warning uptime,level,tags
 #1: stderr all=off uptime,level,tags

Environment Variables:
JAVA_HOME=C:\Program Files\Java\jdk-17\bin
PATH=C:\Program Files\Java\jdk-17\bin;C:\Program Files\Common Files\Oracle\Java\javapath;C:\WINDOWS\system32;C:\WINDOWS;C:\WINDOWS\System32\Wbem;C:\WINDOWS\System32\WindowsPowerShell\v1.0\;C:\WINDOWS\System32\OpenSSH\;C:\Program Files\Git\cmd;C:\Program Files\Docker\Docker\resources\bin;C:\Program Files\PuTTY\;C:\Program Files\nodejs\;C:\Gradle\gradle-8.2.1\bin;C:\Users\losan\Documents\dev\flutter\flutter_windows_3.10.6-stable\flutter\bin;C:\Users\losan\AppData\Local\Microsoft\WindowsApps;C:\Program Files\JetBrains\WebStorm 2022.3.4\bin;;C:\Users\losan\AppData\Roaming\npm;C:\Users\losan\AppData\Local\Programs\Microsoft VS Code\bin;C:\Users\losan\AppData\Local\Google\Cloud SDK\google-cloud-sdk\bin
USERNAME=losan
OS=Windows_NT
PROCESSOR_IDENTIFIER=Intel64 Family 6 Model 140 Stepping 1, GenuineIntel



---------------  S Y S T E M  ---------------

OS:
 Windows 11 , 64 bit Build 22621 (10.0.22621.2070)
OS uptime: 3 days 21:55 hours
Hyper-V role detected

CPU: total 8 (initial active 8) (4 cores per cpu, 2 threads per core) family 6 model 140 stepping 1 microcode 0x8a, cx8, cmov, fxsr, ht, mmx, 3dnowpref, sse, sse2, sse3, ssse3, sse4.1, sse4.2, popcnt, lzcnt, tsc, tscinvbit, avx, avx2, aes, erms, clmul, bmi1, bmi2, adx, avx512f, avx512dq, avx512cd, avx512bw, avx512vl, sha, fma, vzeroupper, avx512_vpopcntdq, avx512_vpclmulqdq, avx512_vaes, avx512_vnni, clflush, clflushopt, clwb, avx512_vbmi2, avx512_vbmi, hv

Memory: 4k page, system-wide physical 32491M (17997M free)
TotalPageFile size 41195M (AvailPageFile size 25747M)
current process WorkingSet (physical memory assigned to process): 601M, peak: 601M
current process commit charge ("private bytes"): 666M, peak: 666M

vm_info: Java HotSpot(TM) 64-Bit Server VM (17.0.6+9-LTS-190) for windows-amd64 JRE (17.0.6+9-LTS-190), built on Dec  6 2022 15:53:54 by "mach5one" with MS VC++ 17.1 (VS2022)

END.
